The target system is: Android - 23 - aarch64
The host system is: Darwin - 17.4.0 - x86_64
Compiling the C compiler identification source file "CMakeCCompilerId.c" succeeded.
Compiler: /Users/radvani/Library/Android/sdk/ndk-bundle/toolchains/aarch64-linux-android-4.9/prebuilt/darwin-x86_64/bin/aarch64-linux-android-gcc 
Build flags: 
Id flags: -c 

The output was:
0


Compilation of the C compiler identification source "CMakeCCompilerId.c" produced "CMakeCCompilerId.o"

The C compiler identification is GNU, found in "/Users/radvani/Source/ViroBullet/android/bullet3-2.87/android-build/CMakeFiles/3.10.2/CompilerIdC/CMakeCCompilerId.o"

Compiling the CXX compiler identification source file "CMakeCXXCompilerId.cpp" succeeded.
Compiler: /Users/radvani/Library/Android/sdk/ndk-bundle/toolchains/aarch64-linux-android-4.9/prebuilt/darwin-x86_64/bin/aarch64-linux-android-g++ 
Build flags: 
Id flags: -c 

The output was:
0


Compilation of the CXX compiler identification source "CMakeCXXCompilerId.cpp" produced "CMakeCXXCompilerId.o"

The CXX compiler identification is GNU, found in "/Users/radvani/Source/ViroBullet/android/bullet3-2.87/android-build/CMakeFiles/3.10.2/CompilerIdCXX/CMakeCXXCompilerId.o"

Determining if the C compiler works passed with the following output:
Change Dir: /Users/radvani/Source/ViroBullet/android/bullet3-2.87/android-build/CMakeFiles/CMakeTmp

Run Build Command:"/Users/radvani/Source/ndk-toolchain/android-23_arm64/bin/make" "cmTC_5a2ce/fast"
/Users/radvani/Source/ndk-toolchain/android-23_arm64/bin/make -f CMakeFiles/cmTC_5a2ce.dir/build.make CMakeFiles/cmTC_5a2ce.dir/build
make[1]: Entering directory `/Users/radvani/Source/ViroBullet/android/bullet3-2.87/android-build/CMakeFiles/CMakeTmp'
Building C object CMakeFiles/cmTC_5a2ce.dir/testCCompiler.c.o
/Users/radvani/Library/Android/sdk/ndk-bundle/toolchains/aarch64-linux-android-4.9/prebuilt/darwin-x86_64/bin/aarch64-linux-android-gcc --sysroot=/Users/radvani/Library/Android/sdk/ndk-bundle/sysroot  -isystem /Users/radvani/Library/Android/sdk/ndk-bundle/sysroot/usr/include -isystem /Users/radvani/Library/Android/sdk/ndk-bundle/sysroot/usr/include/aarch64-linux-android  -funwind-tables -no-canonical-prefixes -D__ANDROID_API__=23 -fexceptions  -g -fPIE   -o CMakeFiles/cmTC_5a2ce.dir/testCCompiler.c.o   -c /Users/radvani/Source/ViroBullet/android/bullet3-2.87/android-build/CMakeFiles/CMakeTmp/testCCompiler.c
Linking C executable cmTC_5a2ce
/usr/local/Cellar/cmake/3.10.2/bin/cmake -E cmake_link_script CMakeFiles/cmTC_5a2ce.dir/link.txt --verbose=1
/Users/radvani/Library/Android/sdk/ndk-bundle/toolchains/aarch64-linux-android-4.9/prebuilt/darwin-x86_64/bin/aarch64-linux-android-gcc --sysroot=/Users/radvani/Library/Android/sdk/ndk-bundle/platforms/android-23/arch-arm64 -funwind-tables -no-canonical-prefixes -D__ANDROID_API__=23 -fexceptions  -g  -fPIE -pie -Wl,--gc-sections  CMakeFiles/cmTC_5a2ce.dir/testCCompiler.c.o  -o cmTC_5a2ce 
make[1]: Leaving directory `/Users/radvani/Source/ViroBullet/android/bullet3-2.87/android-build/CMakeFiles/CMakeTmp'


Detecting C compiler ABI info compiled with the following output:
Change Dir: /Users/radvani/Source/ViroBullet/android/bullet3-2.87/android-build/CMakeFiles/CMakeTmp

Run Build Command:"/Users/radvani/Source/ndk-toolchain/android-23_arm64/bin/make" "cmTC_fe430/fast"
/Users/radvani/Source/ndk-toolchain/android-23_arm64/bin/make -f CMakeFiles/cmTC_fe430.dir/build.make CMakeFiles/cmTC_fe430.dir/build
make[1]: Entering directory `/Users/radvani/Source/ViroBullet/android/bullet3-2.87/android-build/CMakeFiles/CMakeTmp'
Building C object CMakeFiles/cmTC_fe430.dir/CMakeCCompilerABI.c.o
/Users/radvani/Library/Android/sdk/ndk-bundle/toolchains/aarch64-linux-android-4.9/prebuilt/darwin-x86_64/bin/aarch64-linux-android-gcc --sysroot=/Users/radvani/Library/Android/sdk/ndk-bundle/sysroot  -isystem /Users/radvani/Library/Android/sdk/ndk-bundle/sysroot/usr/include -isystem /Users/radvani/Library/Android/sdk/ndk-bundle/sysroot/usr/include/aarch64-linux-android  -funwind-tables -no-canonical-prefixes -D__ANDROID_API__=23 -fexceptions  -g -fPIE   -o CMakeFiles/cmTC_fe430.dir/CMakeCCompilerABI.c.o   -c /usr/local/Cellar/cmake/3.10.2/share/cmake/Modules/CMakeCCompilerABI.c
Linking C executable cmTC_fe430
/usr/local/Cellar/cmake/3.10.2/bin/cmake -E cmake_link_script CMakeFiles/cmTC_fe430.dir/link.txt --verbose=1
/Users/radvani/Library/Android/sdk/ndk-bundle/toolchains/aarch64-linux-android-4.9/prebuilt/darwin-x86_64/bin/aarch64-linux-android-gcc --sysroot=/Users/radvani/Library/Android/sdk/ndk-bundle/platforms/android-23/arch-arm64 -funwind-tables -no-canonical-prefixes -D__ANDROID_API__=23 -fexceptions  -g  -fPIE -pie -Wl,--gc-sections -v CMakeFiles/cmTC_fe430.dir/CMakeCCompilerABI.c.o  -o cmTC_fe430 
Using built-in specs.
COLLECT_GCC=/Users/radvani/Library/Android/sdk/ndk-bundle/toolchains/aarch64-linux-android-4.9/prebuilt/darwin-x86_64/bin/aarch64-linux-android-gcc
COLLECT_LTO_WRAPPER=/Users/radvani/Library/Android/sdk/ndk-bundle/toolchains/aarch64-linux-android-4.9/prebuilt/darwin-x86_64/bin/../libexec/gcc/aarch64-linux-android/4.9.x/lto-wrapper
Target: aarch64-linux-android
Configured with: /Volumes/Android/buildbot/src/android/gcc/toolchain/build/../gcc/gcc-4.9/configure --prefix=/tmp/9e6abeae147b2d6a071687493238b928 --target=aarch64-linux-android --host=x86_64-apple-darwin --build=x86_64-apple-darwin --with-gnu-as --with-gnu-ld --enable-languages=c,c++ --with-gmp=/buildbot/tmp/build/toolchain/temp-install --with-mpfr=/buildbot/tmp/build/toolchain/temp-install --with-mpc=/buildbot/tmp/build/toolchain/temp-install --with-cloog=/buildbot/tmp/build/toolchain/temp-install --with-isl=/buildbot/tmp/build/toolchain/temp-install --with-ppl=/buildbot/tmp/build/toolchain/temp-install --disable-ppl-version-check --disable-cloog-version-check --disable-isl-version-check --enable-cloog-backend=isl --with-host-libstdcxx='-static-libgcc -lstdc++ -lm' --disable-libssp --enable-threads --disable-nls --disable-libmudflap --disable-libgomp --disable-libstdc__-v3 --disable-sjlj-exceptions --disable-shared --disable-tls --disable-libitm --enable-bionic-libs --enable-libatomic-ifuncs=no --enable-initfini-array --disable-nls --prefix=/tmp/9e6abeae147b2d6a071687493238b928 --with-sysroot=/tmp/9e6abeae147b2d6a071687493238b928/sysroot --with-binutils-version=2.27 --with-mpfr-version=3.1.1 --with-mpc-version=1.0.1 --with-gmp-version=5.0.5 --with-gcc-version=4.9 --with-gdb-version=none --with-gxx-include-dir=/tmp/9e6abeae147b2d6a071687493238b928/include/c++/4.9.x --with-bugurl=http://source.android.com/source/report-bugs.html --enable-languages=c,c++ --disable-bootstrap --enable-plugins --enable-libgomp --enable-gnu-indirect-function --disable-libsanitizer --enable-gold --enable-ld=default --enable-threads --enable-eh-frame-hdr-for-static --enable-fix-cortex-a53-835769 --enable-graphite=yes --with-isl-version=0.11.1 --with-cloog-version=0.18.0 --program-transform-name='s&^&aarch64-linux-android-&' --enable-gold
Thread model: posix
gcc version 4.9.x 20150123 (prerelease) (GCC) 
COMPILER_PATH=/Users/radvani/Library/Android/sdk/ndk-bundle/toolchains/aarch64-linux-android-4.9/prebuilt/darwin-x86_64/bin/../libexec/gcc/aarch64-linux-android/4.9.x/:/Users/radvani/Library/Android/sdk/ndk-bundle/toolchains/aarch64-linux-android-4.9/prebuilt/darwin-x86_64/bin/../libexec/gcc/:/Users/radvani/Library/Android/sdk/ndk-bundle/toolchains/aarch64-linux-android-4.9/prebuilt/darwin-x86_64/bin/../lib/gcc/aarch64-linux-android/4.9.x/../../../../aarch64-linux-android/bin/
LIBRARY_PATH=/Users/radvani/Library/Android/sdk/ndk-bundle/toolchains/aarch64-linux-android-4.9/prebuilt/darwin-x86_64/bin/../lib/gcc/aarch64-linux-android/4.9.x/:/Users/radvani/Library/Android/sdk/ndk-bundle/toolchains/aarch64-linux-android-4.9/prebuilt/darwin-x86_64/bin/../lib/gcc/:/Users/radvani/Library/Android/sdk/ndk-bundle/toolchains/aarch64-linux-android-4.9/prebuilt/darwin-x86_64/bin/../lib/gcc/aarch64-linux-android/4.9.x/../../../../aarch64-linux-android/lib/../lib64/:/Users/radvani/Library/Android/sdk/ndk-bundle/toolchains/aarch64-linux-android-4.9/prebuilt/darwin-x86_64/bin/../lib/gcc/aarch64-linux-android/4.9.x/../../../../aarch64-linux-android/lib/:/Users/radvani/Library/Android/sdk/ndk-bundle/platforms/android-23/arch-arm64/usr/lib/
COLLECT_GCC_OPTIONS='-funwind-tables' '-D' '__ANDROID_API__=23' '-fexceptions' '-g' '-fPIE' '-pie' '-v' '-o' 'cmTC_fe430' '-mlittle-endian' '-mabi=lp64'
 /Users/radvani/Library/Android/sdk/ndk-bundle/toolchains/aarch64-linux-android-4.9/prebuilt/darwin-x86_64/bin/../libexec/gcc/aarch64-linux-android/4.9.x/collect2 -plugin /Users/radvani/Library/Android/sdk/ndk-bundle/toolchains/aarch64-linux-android-4.9/prebuilt/darwin-x86_64/bin/../libexec/gcc/aarch64-linux-android/4.9.x/liblto_plugin.so -plugin-opt=/Users/radvani/Library/Android/sdk/ndk-bundle/toolchains/aarch64-linux-android-4.9/prebuilt/darwin-x86_64/bin/../libexec/gcc/aarch64-linux-android/4.9.x/lto-wrapper -plugin-opt=-fresolution=/var/folders/2j/3970js9s04n7_nr304yqjt480000gn/T//cceSlTWe.res -plugin-opt=-pass-through=-lgcc -plugin-opt=-pass-through=-lc -plugin-opt=-pass-through=-ldl -plugin-opt=-pass-through=-lgcc --sysroot=/Users/radvani/Library/Android/sdk/ndk-bundle/platforms/android-23/arch-arm64 --eh-frame-hdr -dynamic-linker /system/bin/linker64 -X -EL -maarch64linux --fix-cortex-a53-835769 --fix-cortex-a53-843419 -z noexecstack -z relro -z now -pie -o cmTC_fe430 /Users/radvani/Library/Android/sdk/ndk-bundle/platforms/android-23/arch-arm64/usr/lib/crtbegin_dynamic.o -L/Users/radvani/Library/Android/sdk/ndk-bundle/toolchains/aarch64-linux-android-4.9/prebuilt/darwin-x86_64/bin/../lib/gcc/aarch64-linux-android/4.9.x -L/Users/radvani/Library/Android/sdk/ndk-bundle/toolchains/aarch64-linux-android-4.9/prebuilt/darwin-x86_64/bin/../lib/gcc -L/Users/radvani/Library/Android/sdk/ndk-bundle/toolchains/aarch64-linux-android-4.9/prebuilt/darwin-x86_64/bin/../lib/gcc/aarch64-linux-android/4.9.x/../../../../aarch64-linux-android/lib/../lib64 -L/Users/radvani/Library/Android/sdk/ndk-bundle/toolchains/aarch64-linux-android-4.9/prebuilt/darwin-x86_64/bin/../lib/gcc/aarch64-linux-android/4.9.x/../../../../aarch64-linux-android/lib -L/Users/radvani/Library/Android/sdk/ndk-bundle/platforms/android-23/arch-arm64/usr/lib --gc-sections CMakeFiles/cmTC_fe430.dir/CMakeCCompilerABI.c.o -lgcc -lc -ldl -lgcc /Users/radvani/Library/Android/sdk/ndk-bundle/platforms/android-23/arch-arm64/usr/lib/crtend_android.o
make[1]: Leaving directory `/Users/radvani/Source/ViroBullet/android/bullet3-2.87/android-build/CMakeFiles/CMakeTmp'


Parsed C implicit link information from above output:
  link line regex: [^( *|.*[/\])(aarch64-linux-android-ld|CMAKE_LINK_STARTFILE-NOTFOUND|([^/\]+-)?ld|collect2)[^/\]*( |$)]
  ignore line: [Change Dir: /Users/radvani/Source/ViroBullet/android/bullet3-2.87/android-build/CMakeFiles/CMakeTmp]
  ignore line: []
  ignore line: [Run Build Command:"/Users/radvani/Source/ndk-toolchain/android-23_arm64/bin/make" "cmTC_fe430/fast"]
  ignore line: [/Users/radvani/Source/ndk-toolchain/android-23_arm64/bin/make -f CMakeFiles/cmTC_fe430.dir/build.make CMakeFiles/cmTC_fe430.dir/build]
  ignore line: [make[1]: Entering directory `/Users/radvani/Source/ViroBullet/android/bullet3-2.87/android-build/CMakeFiles/CMakeTmp']
  ignore line: [Building C object CMakeFiles/cmTC_fe430.dir/CMakeCCompilerABI.c.o]
  ignore line: [/Users/radvani/Library/Android/sdk/ndk-bundle/toolchains/aarch64-linux-android-4.9/prebuilt/darwin-x86_64/bin/aarch64-linux-android-gcc --sysroot=/Users/radvani/Library/Android/sdk/ndk-bundle/sysroot  -isystem /Users/radvani/Library/Android/sdk/ndk-bundle/sysroot/usr/include -isystem /Users/radvani/Library/Android/sdk/ndk-bundle/sysroot/usr/include/aarch64-linux-android  -funwind-tables -no-canonical-prefixes -D__ANDROID_API__=23 -fexceptions  -g -fPIE   -o CMakeFiles/cmTC_fe430.dir/CMakeCCompilerABI.c.o   -c /usr/local/Cellar/cmake/3.10.2/share/cmake/Modules/CMakeCCompilerABI.c]
  ignore line: [Linking C executable cmTC_fe430]
  ignore line: [/usr/local/Cellar/cmake/3.10.2/bin/cmake -E cmake_link_script CMakeFiles/cmTC_fe430.dir/link.txt --verbose=1]
  ignore line: [/Users/radvani/Library/Android/sdk/ndk-bundle/toolchains/aarch64-linux-android-4.9/prebuilt/darwin-x86_64/bin/aarch64-linux-android-gcc --sysroot=/Users/radvani/Library/Android/sdk/ndk-bundle/platforms/android-23/arch-arm64 -funwind-tables -no-canonical-prefixes -D__ANDROID_API__=23 -fexceptions  -g  -fPIE -pie -Wl,--gc-sections -v CMakeFiles/cmTC_fe430.dir/CMakeCCompilerABI.c.o  -o cmTC_fe430 ]
  ignore line: [Using built-in specs.]
  ignore line: [COLLECT_GCC=/Users/radvani/Library/Android/sdk/ndk-bundle/toolchains/aarch64-linux-android-4.9/prebuilt/darwin-x86_64/bin/aarch64-linux-android-gcc]
  ignore line: [COLLECT_LTO_WRAPPER=/Users/radvani/Library/Android/sdk/ndk-bundle/toolchains/aarch64-linux-android-4.9/prebuilt/darwin-x86_64/bin/../libexec/gcc/aarch64-linux-android/4.9.x/lto-wrapper]
  ignore line: [Target: aarch64-linux-android]
  ignore line: [Configured with: /Volumes/Android/buildbot/src/android/gcc/toolchain/build/../gcc/gcc-4.9/configure --prefix=/tmp/9e6abeae147b2d6a071687493238b928 --target=aarch64-linux-android --host=x86_64-apple-darwin --build=x86_64-apple-darwin --with-gnu-as --with-gnu-ld --enable-languages=c,c++ --with-gmp=/buildbot/tmp/build/toolchain/temp-install --with-mpfr=/buildbot/tmp/build/toolchain/temp-install --with-mpc=/buildbot/tmp/build/toolchain/temp-install --with-cloog=/buildbot/tmp/build/toolchain/temp-install --with-isl=/buildbot/tmp/build/toolchain/temp-install --with-ppl=/buildbot/tmp/build/toolchain/temp-install --disable-ppl-version-check --disable-cloog-version-check --disable-isl-version-check --enable-cloog-backend=isl --with-host-libstdcxx='-static-libgcc -lstdc++ -lm' --disable-libssp --enable-threads --disable-nls --disable-libmudflap --disable-libgomp --disable-libstdc__-v3 --disable-sjlj-exceptions --disable-shared --disable-tls --disable-libitm --enable-bionic-libs --enable-libatomic-ifuncs=no --enable-initfini-array --disable-nls --prefix=/tmp/9e6abeae147b2d6a071687493238b928 --with-sysroot=/tmp/9e6abeae147b2d6a071687493238b928/sysroot --with-binutils-version=2.27 --with-mpfr-version=3.1.1 --with-mpc-version=1.0.1 --with-gmp-version=5.0.5 --with-gcc-version=4.9 --with-gdb-version=none --with-gxx-include-dir=/tmp/9e6abeae147b2d6a071687493238b928/include/c++/4.9.x --with-bugurl=http://source.android.com/source/report-bugs.html --enable-languages=c,c++ --disable-bootstrap --enable-plugins --enable-libgomp --enable-gnu-indirect-function --disable-libsanitizer --enable-gold --enable-ld=default --enable-threads --enable-eh-frame-hdr-for-static --enable-fix-cortex-a53-835769 --enable-graphite=yes --with-isl-version=0.11.1 --with-cloog-version=0.18.0 --program-transform-name='s&^&aarch64-linux-android-&' --enable-gold]
  ignore line: [Thread model: posix]
  ignore line: [gcc version 4.9.x 20150123 (prerelease) (GCC) ]
  ignore line: [COMPILER_PATH=/Users/radvani/Library/Android/sdk/ndk-bundle/toolchains/aarch64-linux-android-4.9/prebuilt/darwin-x86_64/bin/../libexec/gcc/aarch64-linux-android/4.9.x/:/Users/radvani/Library/Android/sdk/ndk-bundle/toolchains/aarch64-linux-android-4.9/prebuilt/darwin-x86_64/bin/../libexec/gcc/:/Users/radvani/Library/Android/sdk/ndk-bundle/toolchains/aarch64-linux-android-4.9/prebuilt/darwin-x86_64/bin/../lib/gcc/aarch64-linux-android/4.9.x/../../../../aarch64-linux-android/bin/]
  ignore line: [LIBRARY_PATH=/Users/radvani/Library/Android/sdk/ndk-bundle/toolchains/aarch64-linux-android-4.9/prebuilt/darwin-x86_64/bin/../lib/gcc/aarch64-linux-android/4.9.x/:/Users/radvani/Library/Android/sdk/ndk-bundle/toolchains/aarch64-linux-android-4.9/prebuilt/darwin-x86_64/bin/../lib/gcc/:/Users/radvani/Library/Android/sdk/ndk-bundle/toolchains/aarch64-linux-android-4.9/prebuilt/darwin-x86_64/bin/../lib/gcc/aarch64-linux-android/4.9.x/../../../../aarch64-linux-android/lib/../lib64/:/Users/radvani/Library/Android/sdk/ndk-bundle/toolchains/aarch64-linux-android-4.9/prebuilt/darwin-x86_64/bin/../lib/gcc/aarch64-linux-android/4.9.x/../../../../aarch64-linux-android/lib/:/Users/radvani/Library/Android/sdk/ndk-bundle/platforms/android-23/arch-arm64/usr/lib/]
  ignore line: [COLLECT_GCC_OPTIONS='-funwind-tables' '-D' '__ANDROID_API__=23' '-fexceptions' '-g' '-fPIE' '-pie' '-v' '-o' 'cmTC_fe430' '-mlittle-endian' '-mabi=lp64']
  link line: [ /Users/radvani/Library/Android/sdk/ndk-bundle/toolchains/aarch64-linux-android-4.9/prebuilt/darwin-x86_64/bin/../libexec/gcc/aarch64-linux-android/4.9.x/collect2 -plugin /Users/radvani/Library/Android/sdk/ndk-bundle/toolchains/aarch64-linux-android-4.9/prebuilt/darwin-x86_64/bin/../libexec/gcc/aarch64-linux-android/4.9.x/liblto_plugin.so -plugin-opt=/Users/radvani/Library/Android/sdk/ndk-bundle/toolchains/aarch64-linux-android-4.9/prebuilt/darwin-x86_64/bin/../libexec/gcc/aarch64-linux-android/4.9.x/lto-wrapper -plugin-opt=-fresolution=/var/folders/2j/3970js9s04n7_nr304yqjt480000gn/T//cceSlTWe.res -plugin-opt=-pass-through=-lgcc -plugin-opt=-pass-through=-lc -plugin-opt=-pass-through=-ldl -plugin-opt=-pass-through=-lgcc --sysroot=/Users/radvani/Library/Android/sdk/ndk-bundle/platforms/android-23/arch-arm64 --eh-frame-hdr -dynamic-linker /system/bin/linker64 -X -EL -maarch64linux --fix-cortex-a53-835769 --fix-cortex-a53-843419 -z noexecstack -z relro -z now -pie -o cmTC_fe430 /Users/radvani/Library/Android/sdk/ndk-bundle/platforms/android-23/arch-arm64/usr/lib/crtbegin_dynamic.o -L/Users/radvani/Library/Android/sdk/ndk-bundle/toolchains/aarch64-linux-android-4.9/prebuilt/darwin-x86_64/bin/../lib/gcc/aarch64-linux-android/4.9.x -L/Users/radvani/Library/Android/sdk/ndk-bundle/toolchains/aarch64-linux-android-4.9/prebuilt/darwin-x86_64/bin/../lib/gcc -L/Users/radvani/Library/Android/sdk/ndk-bundle/toolchains/aarch64-linux-android-4.9/prebuilt/darwin-x86_64/bin/../lib/gcc/aarch64-linux-android/4.9.x/../../../../aarch64-linux-android/lib/../lib64 -L/Users/radvani/Library/Android/sdk/ndk-bundle/toolchains/aarch64-linux-android-4.9/prebuilt/darwin-x86_64/bin/../lib/gcc/aarch64-linux-android/4.9.x/../../../../aarch64-linux-android/lib -L/Users/radvani/Library/Android/sdk/ndk-bundle/platforms/android-23/arch-arm64/usr/lib --gc-sections CMakeFiles/cmTC_fe430.dir/CMakeCCompilerABI.c.o -lgcc -lc -ldl -lgcc /Users/radvani/Library/Android/sdk/ndk-bundle/platforms/android-23/arch-arm64/usr/lib/crtend_android.o]
    arg [/Users/radvani/Library/Android/sdk/ndk-bundle/toolchains/aarch64-linux-android-4.9/prebuilt/darwin-x86_64/bin/../libexec/gcc/aarch64-linux-android/4.9.x/collect2] ==> ignore
    arg [-plugin] ==> ignore
    arg [/Users/radvani/Library/Android/sdk/ndk-bundle/toolchains/aarch64-linux-android-4.9/prebuilt/darwin-x86_64/bin/../libexec/gcc/aarch64-linux-android/4.9.x/liblto_plugin.so] ==> ignore
    arg [-plugin-opt=/Users/radvani/Library/Android/sdk/ndk-bundle/toolchains/aarch64-linux-android-4.9/prebuilt/darwin-x86_64/bin/../libexec/gcc/aarch64-linux-android/4.9.x/lto-wrapper] ==> ignore
    arg [-plugin-opt=-fresolution=/var/folders/2j/3970js9s04n7_nr304yqjt480000gn/T//cceSlTWe.res] ==> ignore
    arg [-plugin-opt=-pass-through=-lgcc] ==> ignore
    arg [-plugin-opt=-pass-through=-lc] ==> ignore
    arg [-plugin-opt=-pass-through=-ldl] ==> ignore
    arg [-plugin-opt=-pass-through=-lgcc] ==> ignore
    arg [--sysroot=/Users/radvani/Library/Android/sdk/ndk-bundle/platforms/android-23/arch-arm64] ==> ignore
    arg [--eh-frame-hdr] ==> ignore
    arg [-dynamic-linker] ==> ignore
    arg [/system/bin/linker64] ==> ignore
    arg [-X] ==> ignore
    arg [-EL] ==> ignore
    arg [-maarch64linux] ==> ignore
    arg [--fix-cortex-a53-835769] ==> ignore
    arg [--fix-cortex-a53-843419] ==> ignore
    arg [-znoexecstack] ==> ignore
    arg [-zrelro] ==> ignore
    arg [-znow] ==> ignore
    arg [-pie] ==> ignore
    arg [-o] ==> ignore
    arg [cmTC_fe430] ==> ignore
    arg [/Users/radvani/Library/Android/sdk/ndk-bundle/platforms/android-23/arch-arm64/usr/lib/crtbegin_dynamic.o] ==> ignore
    arg [-L/Users/radvani/Library/Android/sdk/ndk-bundle/toolchains/aarch64-linux-android-4.9/prebuilt/darwin-x86_64/bin/../lib/gcc/aarch64-linux-android/4.9.x] ==> dir [/Users/radvani/Library/Android/sdk/ndk-bundle/toolchains/aarch64-linux-android-4.9/prebuilt/darwin-x86_64/bin/../lib/gcc/aarch64-linux-android/4.9.x]
    arg [-L/Users/radvani/Library/Android/sdk/ndk-bundle/toolchains/aarch64-linux-android-4.9/prebuilt/darwin-x86_64/bin/../lib/gcc] ==> dir [/Users/radvani/Library/Android/sdk/ndk-bundle/toolchains/aarch64-linux-android-4.9/prebuilt/darwin-x86_64/bin/../lib/gcc]
    arg [-L/Users/radvani/Library/Android/sdk/ndk-bundle/toolchains/aarch64-linux-android-4.9/prebuilt/darwin-x86_64/bin/../lib/gcc/aarch64-linux-android/4.9.x/../../../../aarch64-linux-android/lib/../lib64] ==> dir [/Users/radvani/Library/Android/sdk/ndk-bundle/toolchains/aarch64-linux-android-4.9/prebuilt/darwin-x86_64/bin/../lib/gcc/aarch64-linux-android/4.9.x/../../../../aarch64-linux-android/lib/../lib64]
    arg [-L/Users/radvani/Library/Android/sdk/ndk-bundle/toolchains/aarch64-linux-android-4.9/prebuilt/darwin-x86_64/bin/../lib/gcc/aarch64-linux-android/4.9.x/../../../../aarch64-linux-android/lib] ==> dir [/Users/radvani/Library/Android/sdk/ndk-bundle/toolchains/aarch64-linux-android-4.9/prebuilt/darwin-x86_64/bin/../lib/gcc/aarch64-linux-android/4.9.x/../../../../aarch64-linux-android/lib]
    arg [-L/Users/radvani/Library/Android/sdk/ndk-bundle/platforms/android-23/arch-arm64/usr/lib] ==> dir [/Users/radvani/Library/Android/sdk/ndk-bundle/platforms/android-23/arch-arm64/usr/lib]
    arg [--gc-sections] ==> ignore
    arg [CMakeFiles/cmTC_fe430.dir/CMakeCCompilerABI.c.o] ==> ignore
    arg [-lgcc] ==> lib [gcc]
    arg [-lc] ==> lib [c]
    arg [-ldl] ==> lib [dl]
    arg [-lgcc] ==> lib [gcc]
    arg [/Users/radvani/Library/Android/sdk/ndk-bundle/platforms/android-23/arch-arm64/usr/lib/crtend_android.o] ==> ignore
  collapse library dir [/Users/radvani/Library/Android/sdk/ndk-bundle/toolchains/aarch64-linux-android-4.9/prebuilt/darwin-x86_64/bin/../lib/gcc/aarch64-linux-android/4.9.x] ==> [/Users/radvani/Library/Android/sdk/ndk-bundle/toolchains/aarch64-linux-android-4.9/prebuilt/darwin-x86_64/lib/gcc/aarch64-linux-android/4.9.x]
  collapse library dir [/Users/radvani/Library/Android/sdk/ndk-bundle/toolchains/aarch64-linux-android-4.9/prebuilt/darwin-x86_64/bin/../lib/gcc] ==> [/Users/radvani/Library/Android/sdk/ndk-bundle/toolchains/aarch64-linux-android-4.9/prebuilt/darwin-x86_64/lib/gcc]
  collapse library dir [/Users/radvani/Library/Android/sdk/ndk-bundle/toolchains/aarch64-linux-android-4.9/prebuilt/darwin-x86_64/bin/../lib/gcc/aarch64-linux-android/4.9.x/../../../../aarch64-linux-android/lib/../lib64] ==> [/Users/radvani/Library/Android/sdk/ndk-bundle/toolchains/aarch64-linux-android-4.9/prebuilt/darwin-x86_64/aarch64-linux-android/lib64]
  collapse library dir [/Users/radvani/Library/Android/sdk/ndk-bundle/toolchains/aarch64-linux-android-4.9/prebuilt/darwin-x86_64/bin/../lib/gcc/aarch64-linux-android/4.9.x/../../../../aarch64-linux-android/lib] ==> [/Users/radvani/Library/Android/sdk/ndk-bundle/toolchains/aarch64-linux-android-4.9/prebuilt/darwin-x86_64/aarch64-linux-android/lib]
  collapse library dir [/Users/radvani/Library/Android/sdk/ndk-bundle/platforms/android-23/arch-arm64/usr/lib] ==> [/Users/radvani/Library/Android/sdk/ndk-bundle/platforms/android-23/arch-arm64/usr/lib]
  implicit libs: [gcc;c;dl;gcc]
  implicit dirs: [/Users/radvani/Library/Android/sdk/ndk-bundle/toolchains/aarch64-linux-android-4.9/prebuilt/darwin-x86_64/lib/gcc/aarch64-linux-android/4.9.x;/Users/radvani/Library/Android/sdk/ndk-bundle/toolchains/aarch64-linux-android-4.9/prebuilt/darwin-x86_64/lib/gcc;/Users/radvani/Library/Android/sdk/ndk-bundle/toolchains/aarch64-linux-android-4.9/prebuilt/darwin-x86_64/aarch64-linux-android/lib64;/Users/radvani/Library/Android/sdk/ndk-bundle/toolchains/aarch64-linux-android-4.9/prebuilt/darwin-x86_64/aarch64-linux-android/lib;/Users/radvani/Library/Android/sdk/ndk-bundle/platforms/android-23/arch-arm64/usr/lib]
  implicit fwks: []




Detecting C [-std=c11] compiler features compiled with the following output:
Change Dir: /Users/radvani/Source/ViroBullet/android/bullet3-2.87/android-build/CMakeFiles/CMakeTmp

Run Build Command:"/Users/radvani/Source/ndk-toolchain/android-23_arm64/bin/make" "cmTC_d478b/fast"
/Users/radvani/Source/ndk-toolchain/android-23_arm64/bin/make -f CMakeFiles/cmTC_d478b.dir/build.make CMakeFiles/cmTC_d478b.dir/build
make[1]: Entering directory `/Users/radvani/Source/ViroBullet/android/bullet3-2.87/android-build/CMakeFiles/CMakeTmp'
Building C object CMakeFiles/cmTC_d478b.dir/feature_tests.c.o
/Users/radvani/Library/Android/sdk/ndk-bundle/toolchains/aarch64-linux-android-4.9/prebuilt/darwin-x86_64/bin/aarch64-linux-android-gcc --sysroot=/Users/radvani/Library/Android/sdk/ndk-bundle/sysroot  -isystem /Users/radvani/Library/Android/sdk/ndk-bundle/sysroot/usr/include -isystem /Users/radvani/Library/Android/sdk/ndk-bundle/sysroot/usr/include/aarch64-linux-android  -funwind-tables -no-canonical-prefixes -D__ANDROID_API__=23 -fexceptions  -g -fPIE   -std=c11 -o CMakeFiles/cmTC_d478b.dir/feature_tests.c.o   -c /Users/radvani/Source/ViroBullet/android/bullet3-2.87/android-build/CMakeFiles/feature_tests.c
Linking C executable cmTC_d478b
/usr/local/Cellar/cmake/3.10.2/bin/cmake -E cmake_link_script CMakeFiles/cmTC_d478b.dir/link.txt --verbose=1
/Users/radvani/Library/Android/sdk/ndk-bundle/toolchains/aarch64-linux-android-4.9/prebuilt/darwin-x86_64/bin/aarch64-linux-android-gcc --sysroot=/Users/radvani/Library/Android/sdk/ndk-bundle/platforms/android-23/arch-arm64 -funwind-tables -no-canonical-prefixes -D__ANDROID_API__=23 -fexceptions  -g  -fPIE -pie -Wl,--gc-sections  CMakeFiles/cmTC_d478b.dir/feature_tests.c.o  -o cmTC_d478b 
make[1]: Leaving directory `/Users/radvani/Source/ViroBullet/android/bullet3-2.87/android-build/CMakeFiles/CMakeTmp'


    Feature record: C_FEATURE:1c_function_prototypes
    Feature record: C_FEATURE:1c_restrict
    Feature record: C_FEATURE:1c_static_assert
    Feature record: C_FEATURE:1c_variadic_macros


Detecting C [-std=c99] compiler features compiled with the following output:
Change Dir: /Users/radvani/Source/ViroBullet/android/bullet3-2.87/android-build/CMakeFiles/CMakeTmp

Run Build Command:"/Users/radvani/Source/ndk-toolchain/android-23_arm64/bin/make" "cmTC_05b89/fast"
/Users/radvani/Source/ndk-toolchain/android-23_arm64/bin/make -f CMakeFiles/cmTC_05b89.dir/build.make CMakeFiles/cmTC_05b89.dir/build
make[1]: Entering directory `/Users/radvani/Source/ViroBullet/android/bullet3-2.87/android-build/CMakeFiles/CMakeTmp'
Building C object CMakeFiles/cmTC_05b89.dir/feature_tests.c.o
/Users/radvani/Library/Android/sdk/ndk-bundle/toolchains/aarch64-linux-android-4.9/prebuilt/darwin-x86_64/bin/aarch64-linux-android-gcc --sysroot=/Users/radvani/Library/Android/sdk/ndk-bundle/sysroot  -isystem /Users/radvani/Library/Android/sdk/ndk-bundle/sysroot/usr/include -isystem /Users/radvani/Library/Android/sdk/ndk-bundle/sysroot/usr/include/aarch64-linux-android  -funwind-tables -no-canonical-prefixes -D__ANDROID_API__=23 -fexceptions  -g -fPIE   -std=c99 -o CMakeFiles/cmTC_05b89.dir/feature_tests.c.o   -c /Users/radvani/Source/ViroBullet/android/bullet3-2.87/android-build/CMakeFiles/feature_tests.c
Linking C executable cmTC_05b89
/usr/local/Cellar/cmake/3.10.2/bin/cmake -E cmake_link_script CMakeFiles/cmTC_05b89.dir/link.txt --verbose=1
/Users/radvani/Library/Android/sdk/ndk-bundle/toolchains/aarch64-linux-android-4.9/prebuilt/darwin-x86_64/bin/aarch64-linux-android-gcc --sysroot=/Users/radvani/Library/Android/sdk/ndk-bundle/platforms/android-23/arch-arm64 -funwind-tables -no-canonical-prefixes -D__ANDROID_API__=23 -fexceptions  -g  -fPIE -pie -Wl,--gc-sections  CMakeFiles/cmTC_05b89.dir/feature_tests.c.o  -o cmTC_05b89 
make[1]: Leaving directory `/Users/radvani/Source/ViroBullet/android/bullet3-2.87/android-build/CMakeFiles/CMakeTmp'


    Feature record: C_FEATURE:1c_function_prototypes
    Feature record: C_FEATURE:1c_restrict
    Feature record: C_FEATURE:0c_static_assert
    Feature record: C_FEATURE:1c_variadic_macros


Detecting C [-std=c90] compiler features compiled with the following output:
Change Dir: /Users/radvani/Source/ViroBullet/android/bullet3-2.87/android-build/CMakeFiles/CMakeTmp

Run Build Command:"/Users/radvani/Source/ndk-toolchain/android-23_arm64/bin/make" "cmTC_a32c0/fast"
/Users/radvani/Source/ndk-toolchain/android-23_arm64/bin/make -f CMakeFiles/cmTC_a32c0.dir/build.make CMakeFiles/cmTC_a32c0.dir/build
make[1]: Entering directory `/Users/radvani/Source/ViroBullet/android/bullet3-2.87/android-build/CMakeFiles/CMakeTmp'
Building C object CMakeFiles/cmTC_a32c0.dir/feature_tests.c.o
/Users/radvani/Library/Android/sdk/ndk-bundle/toolchains/aarch64-linux-android-4.9/prebuilt/darwin-x86_64/bin/aarch64-linux-android-gcc --sysroot=/Users/radvani/Library/Android/sdk/ndk-bundle/sysroot  -isystem /Users/radvani/Library/Android/sdk/ndk-bundle/sysroot/usr/include -isystem /Users/radvani/Library/Android/sdk/ndk-bundle/sysroot/usr/include/aarch64-linux-android  -funwind-tables -no-canonical-prefixes -D__ANDROID_API__=23 -fexceptions  -g -fPIE   -std=c90 -o CMakeFiles/cmTC_a32c0.dir/feature_tests.c.o   -c /Users/radvani/Source/ViroBullet/android/bullet3-2.87/android-build/CMakeFiles/feature_tests.c
Linking C executable cmTC_a32c0
/usr/local/Cellar/cmake/3.10.2/bin/cmake -E cmake_link_script CMakeFiles/cmTC_a32c0.dir/link.txt --verbose=1
/Users/radvani/Library/Android/sdk/ndk-bundle/toolchains/aarch64-linux-android-4.9/prebuilt/darwin-x86_64/bin/aarch64-linux-android-gcc --sysroot=/Users/radvani/Library/Android/sdk/ndk-bundle/platforms/android-23/arch-arm64 -funwind-tables -no-canonical-prefixes -D__ANDROID_API__=23 -fexceptions  -g  -fPIE -pie -Wl,--gc-sections  CMakeFiles/cmTC_a32c0.dir/feature_tests.c.o  -o cmTC_a32c0 
make[1]: Leaving directory `/Users/radvani/Source/ViroBullet/android/bullet3-2.87/android-build/CMakeFiles/CMakeTmp'


    Feature record: C_FEATURE:1c_function_prototypes
    Feature record: C_FEATURE:0c_restrict
    Feature record: C_FEATURE:0c_static_assert
    Feature record: C_FEATURE:0c_variadic_macros
Determining if the CXX compiler works passed with the following output:
Change Dir: /Users/radvani/Source/ViroBullet/android/bullet3-2.87/android-build/CMakeFiles/CMakeTmp

Run Build Command:"/Users/radvani/Source/ndk-toolchain/android-23_arm64/bin/make" "cmTC_20a83/fast"
/Users/radvani/Source/ndk-toolchain/android-23_arm64/bin/make -f CMakeFiles/cmTC_20a83.dir/build.make CMakeFiles/cmTC_20a83.dir/build
make[1]: Entering directory `/Users/radvani/Source/ViroBullet/android/bullet3-2.87/android-build/CMakeFiles/CMakeTmp'
Building CXX object CMakeFiles/cmTC_20a83.dir/testCXXCompiler.cxx.o
/Users/radvani/Library/Android/sdk/ndk-bundle/toolchains/aarch64-linux-android-4.9/prebuilt/darwin-x86_64/bin/aarch64-linux-android-g++ --sysroot=/Users/radvani/Library/Android/sdk/ndk-bundle/sysroot   -isystem /Users/radvani/Library/Android/sdk/ndk-bundle/sources/cxx-stl/gnu-libstdc++/4.9/include -isystem /Users/radvani/Library/Android/sdk/ndk-bundle/sources/cxx-stl/gnu-libstdc++/4.9/libs/arm64-v8a/include -isystem /Users/radvani/Library/Android/sdk/ndk-bundle/sources/cxx-stl/gnu-libstdc++/4.9/include/backward -isystem /Users/radvani/Library/Android/sdk/ndk-bundle/sysroot/usr/include -isystem /Users/radvani/Library/Android/sdk/ndk-bundle/sysroot/usr/include/aarch64-linux-android  -funwind-tables -no-canonical-prefixes -D__ANDROID_API__=23 -fexceptions -frtti  -g -fPIE   -o CMakeFiles/cmTC_20a83.dir/testCXXCompiler.cxx.o -c /Users/radvani/Source/ViroBullet/android/bullet3-2.87/android-build/CMakeFiles/CMakeTmp/testCXXCompiler.cxx
Linking CXX executable cmTC_20a83
/usr/local/Cellar/cmake/3.10.2/bin/cmake -E cmake_link_script CMakeFiles/cmTC_20a83.dir/link.txt --verbose=1
/Users/radvani/Library/Android/sdk/ndk-bundle/toolchains/aarch64-linux-android-4.9/prebuilt/darwin-x86_64/bin/aarch64-linux-android-g++ --sysroot=/Users/radvani/Library/Android/sdk/ndk-bundle/platforms/android-23/arch-arm64  -funwind-tables -no-canonical-prefixes -D__ANDROID_API__=23 -fexceptions -frtti  -g  -fPIE -pie -Wl,--gc-sections  CMakeFiles/cmTC_20a83.dir/testCXXCompiler.cxx.o  -o cmTC_20a83  "/Users/radvani/Library/Android/sdk/ndk-bundle/sources/cxx-stl/gnu-libstdc++/4.9/libs/arm64-v8a/libgnustl_static.a" 
make[1]: Leaving directory `/Users/radvani/Source/ViroBullet/android/bullet3-2.87/android-build/CMakeFiles/CMakeTmp'


Detecting CXX compiler ABI info compiled with the following output:
Change Dir: /Users/radvani/Source/ViroBullet/android/bullet3-2.87/android-build/CMakeFiles/CMakeTmp

Run Build Command:"/Users/radvani/Source/ndk-toolchain/android-23_arm64/bin/make" "cmTC_0a484/fast"
/Users/radvani/Source/ndk-toolchain/android-23_arm64/bin/make -f CMakeFiles/cmTC_0a484.dir/build.make CMakeFiles/cmTC_0a484.dir/build
make[1]: Entering directory `/Users/radvani/Source/ViroBullet/android/bullet3-2.87/android-build/CMakeFiles/CMakeTmp'
Building CXX object CMakeFiles/cmTC_0a484.dir/CMakeCXXCompilerABI.cpp.o
/Users/radvani/Library/Android/sdk/ndk-bundle/toolchains/aarch64-linux-android-4.9/prebuilt/darwin-x86_64/bin/aarch64-linux-android-g++ --sysroot=/Users/radvani/Library/Android/sdk/ndk-bundle/sysroot   -isystem /Users/radvani/Library/Android/sdk/ndk-bundle/sources/cxx-stl/gnu-libstdc++/4.9/include -isystem /Users/radvani/Library/Android/sdk/ndk-bundle/sources/cxx-stl/gnu-libstdc++/4.9/libs/arm64-v8a/include -isystem /Users/radvani/Library/Android/sdk/ndk-bundle/sources/cxx-stl/gnu-libstdc++/4.9/include/backward -isystem /Users/radvani/Library/Android/sdk/ndk-bundle/sysroot/usr/include -isystem /Users/radvani/Library/Android/sdk/ndk-bundle/sysroot/usr/include/aarch64-linux-android  -funwind-tables -no-canonical-prefixes -D__ANDROID_API__=23 -fexceptions -frtti  -g -fPIE   -o CMakeFiles/cmTC_0a484.dir/CMakeCXXCompilerABI.cpp.o -c /usr/local/Cellar/cmake/3.10.2/share/cmake/Modules/CMakeCXXCompilerABI.cpp
Linking CXX executable cmTC_0a484
/usr/local/Cellar/cmake/3.10.2/bin/cmake -E cmake_link_script CMakeFiles/cmTC_0a484.dir/link.txt --verbose=1
/Users/radvani/Library/Android/sdk/ndk-bundle/toolchains/aarch64-linux-android-4.9/prebuilt/darwin-x86_64/bin/aarch64-linux-android-g++ --sysroot=/Users/radvani/Library/Android/sdk/ndk-bundle/platforms/android-23/arch-arm64  -funwind-tables -no-canonical-prefixes -D__ANDROID_API__=23 -fexceptions -frtti  -g  -fPIE -pie -Wl,--gc-sections -v CMakeFiles/cmTC_0a484.dir/CMakeCXXCompilerABI.cpp.o  -o cmTC_0a484  "/Users/radvani/Library/Android/sdk/ndk-bundle/sources/cxx-stl/gnu-libstdc++/4.9/libs/arm64-v8a/libgnustl_static.a" 
Using built-in specs.
COLLECT_GCC=/Users/radvani/Library/Android/sdk/ndk-bundle/toolchains/aarch64-linux-android-4.9/prebuilt/darwin-x86_64/bin/aarch64-linux-android-g++
COLLECT_LTO_WRAPPER=/Users/radvani/Library/Android/sdk/ndk-bundle/toolchains/aarch64-linux-android-4.9/prebuilt/darwin-x86_64/bin/../libexec/gcc/aarch64-linux-android/4.9.x/lto-wrapper
Target: aarch64-linux-android
Configured with: /Volumes/Android/buildbot/src/android/gcc/toolchain/build/../gcc/gcc-4.9/configure --prefix=/tmp/9e6abeae147b2d6a071687493238b928 --target=aarch64-linux-android --host=x86_64-apple-darwin --build=x86_64-apple-darwin --with-gnu-as --with-gnu-ld --enable-languages=c,c++ --with-gmp=/buildbot/tmp/build/toolchain/temp-install --with-mpfr=/buildbot/tmp/build/toolchain/temp-install --with-mpc=/buildbot/tmp/build/toolchain/temp-install --with-cloog=/buildbot/tmp/build/toolchain/temp-install --with-isl=/buildbot/tmp/build/toolchain/temp-install --with-ppl=/buildbot/tmp/build/toolchain/temp-install --disable-ppl-version-check --disable-cloog-version-check --disable-isl-version-check --enable-cloog-backend=isl --with-host-libstdcxx='-static-libgcc -lstdc++ -lm' --disable-libssp --enable-threads --disable-nls --disable-libmudflap --disable-libgomp --disable-libstdc__-v3 --disable-sjlj-exceptions --disable-shared --disable-tls --disable-libitm --enable-bionic-libs --enable-libatomic-ifuncs=no --enable-initfini-array --disable-nls --prefix=/tmp/9e6abeae147b2d6a071687493238b928 --with-sysroot=/tmp/9e6abeae147b2d6a071687493238b928/sysroot --with-binutils-version=2.27 --with-mpfr-version=3.1.1 --with-mpc-version=1.0.1 --with-gmp-version=5.0.5 --with-gcc-version=4.9 --with-gdb-version=none --with-gxx-include-dir=/tmp/9e6abeae147b2d6a071687493238b928/include/c++/4.9.x --with-bugurl=http://source.android.com/source/report-bugs.html --enable-languages=c,c++ --disable-bootstrap --enable-plugins --enable-libgomp --enable-gnu-indirect-function --disable-libsanitizer --enable-gold --enable-ld=default --enable-threads --enable-eh-frame-hdr-for-static --enable-fix-cortex-a53-835769 --enable-graphite=yes --with-isl-version=0.11.1 --with-cloog-version=0.18.0 --program-transform-name='s&^&aarch64-linux-android-&' --enable-gold
Thread model: posix
gcc version 4.9.x 20150123 (prerelease) (GCC) 
COMPILER_PATH=/Users/radvani/Library/Android/sdk/ndk-bundle/toolchains/aarch64-linux-android-4.9/prebuilt/darwin-x86_64/bin/../libexec/gcc/aarch64-linux-android/4.9.x/:/Users/radvani/Library/Android/sdk/ndk-bundle/toolchains/aarch64-linux-android-4.9/prebuilt/darwin-x86_64/bin/../libexec/gcc/:/Users/radvani/Library/Android/sdk/ndk-bundle/toolchains/aarch64-linux-android-4.9/prebuilt/darwin-x86_64/bin/../lib/gcc/aarch64-linux-android/4.9.x/../../../../aarch64-linux-android/bin/
LIBRARY_PATH=/Users/radvani/Library/Android/sdk/ndk-bundle/toolchains/aarch64-linux-android-4.9/prebuilt/darwin-x86_64/bin/../lib/gcc/aarch64-linux-android/4.9.x/:/Users/radvani/Library/Android/sdk/ndk-bundle/toolchains/aarch64-linux-android-4.9/prebuilt/darwin-x86_64/bin/../lib/gcc/:/Users/radvani/Library/Android/sdk/ndk-bundle/toolchains/aarch64-linux-android-4.9/prebuilt/darwin-x86_64/bin/../lib/gcc/aarch64-linux-android/4.9.x/../../../../aarch64-linux-android/lib/../lib64/:/Users/radvani/Library/Android/sdk/ndk-bundle/toolchains/aarch64-linux-android-4.9/prebuilt/darwin-x86_64/bin/../lib/gcc/aarch64-linux-android/4.9.x/../../../../aarch64-linux-android/lib/:/Users/radvani/Library/Android/sdk/ndk-bundle/platforms/android-23/arch-arm64/usr/lib/
COLLECT_GCC_OPTIONS='-funwind-tables' '-D' '__ANDROID_API__=23' '-fexceptions' '-frtti' '-g' '-fPIE' '-pie' '-v' '-o' 'cmTC_0a484' '-mlittle-endian' '-mabi=lp64'
 /Users/radvani/Library/Android/sdk/ndk-bundle/toolchains/aarch64-linux-android-4.9/prebuilt/darwin-x86_64/bin/../libexec/gcc/aarch64-linux-android/4.9.x/collect2 -plugin /Users/radvani/Library/Android/sdk/ndk-bundle/toolchains/aarch64-linux-android-4.9/prebuilt/darwin-x86_64/bin/../libexec/gcc/aarch64-linux-android/4.9.x/liblto_plugin.so -plugin-opt=/Users/radvani/Library/Android/sdk/ndk-bundle/toolchains/aarch64-linux-android-4.9/prebuilt/darwin-x86_64/bin/../libexec/gcc/aarch64-linux-android/4.9.x/lto-wrapper -plugin-opt=-fresolution=/var/folders/2j/3970js9s04n7_nr304yqjt480000gn/T//ccYb00uv.res -plugin-opt=-pass-through=-lgcc -plugin-opt=-pass-through=-lc -plugin-opt=-pass-through=-ldl -plugin-opt=-pass-through=-lgcc --sysroot=/Users/radvani/Library/Android/sdk/ndk-bundle/platforms/android-23/arch-arm64 --eh-frame-hdr -dynamic-linker /system/bin/linker64 -X -EL -maarch64linux --fix-cortex-a53-835769 --fix-cortex-a53-843419 -z noexecstack -z relro -z now -pie -o cmTC_0a484 /Users/radvani/Library/Android/sdk/ndk-bundle/platforms/android-23/arch-arm64/usr/lib/crtbegin_dynamic.o -L/Users/radvani/Library/Android/sdk/ndk-bundle/toolchains/aarch64-linux-android-4.9/prebuilt/darwin-x86_64/bin/../lib/gcc/aarch64-linux-android/4.9.x -L/Users/radvani/Library/Android/sdk/ndk-bundle/toolchains/aarch64-linux-android-4.9/prebuilt/darwin-x86_64/bin/../lib/gcc -L/Users/radvani/Library/Android/sdk/ndk-bundle/toolchains/aarch64-linux-android-4.9/prebuilt/darwin-x86_64/bin/../lib/gcc/aarch64-linux-android/4.9.x/../../../../aarch64-linux-android/lib/../lib64 -L/Users/radvani/Library/Android/sdk/ndk-bundle/toolchains/aarch64-linux-android-4.9/prebuilt/darwin-x86_64/bin/../lib/gcc/aarch64-linux-android/4.9.x/../../../../aarch64-linux-android/lib -L/Users/radvani/Library/Android/sdk/ndk-bundle/platforms/android-23/arch-arm64/usr/lib --gc-sections CMakeFiles/cmTC_0a484.dir/CMakeCXXCompilerABI.cpp.o /Users/radvani/Library/Android/sdk/ndk-bundle/sources/cxx-stl/gnu-libstdc++/4.9/libs/arm64-v8a/libgnustl_static.a -lstdc++ -lm -lgcc -lc -ldl -lgcc /Users/radvani/Library/Android/sdk/ndk-bundle/platforms/android-23/arch-arm64/usr/lib/crtend_android.o
make[1]: Leaving directory `/Users/radvani/Source/ViroBullet/android/bullet3-2.87/android-build/CMakeFiles/CMakeTmp'


Parsed CXX implicit link information from above output:
  link line regex: [^( *|.*[/\])(aarch64-linux-android-ld|CMAKE_LINK_STARTFILE-NOTFOUND|([^/\]+-)?ld|collect2)[^/\]*( |$)]
  ignore line: [Change Dir: /Users/radvani/Source/ViroBullet/android/bullet3-2.87/android-build/CMakeFiles/CMakeTmp]
  ignore line: []
  ignore line: [Run Build Command:"/Users/radvani/Source/ndk-toolchain/android-23_arm64/bin/make" "cmTC_0a484/fast"]
  ignore line: [/Users/radvani/Source/ndk-toolchain/android-23_arm64/bin/make -f CMakeFiles/cmTC_0a484.dir/build.make CMakeFiles/cmTC_0a484.dir/build]
  ignore line: [make[1]: Entering directory `/Users/radvani/Source/ViroBullet/android/bullet3-2.87/android-build/CMakeFiles/CMakeTmp']
  ignore line: [Building CXX object CMakeFiles/cmTC_0a484.dir/CMakeCXXCompilerABI.cpp.o]
  ignore line: [/Users/radvani/Library/Android/sdk/ndk-bundle/toolchains/aarch64-linux-android-4.9/prebuilt/darwin-x86_64/bin/aarch64-linux-android-g++ --sysroot=/Users/radvani/Library/Android/sdk/ndk-bundle/sysroot   -isystem /Users/radvani/Library/Android/sdk/ndk-bundle/sources/cxx-stl/gnu-libstdc++/4.9/include -isystem /Users/radvani/Library/Android/sdk/ndk-bundle/sources/cxx-stl/gnu-libstdc++/4.9/libs/arm64-v8a/include -isystem /Users/radvani/Library/Android/sdk/ndk-bundle/sources/cxx-stl/gnu-libstdc++/4.9/include/backward -isystem /Users/radvani/Library/Android/sdk/ndk-bundle/sysroot/usr/include -isystem /Users/radvani/Library/Android/sdk/ndk-bundle/sysroot/usr/include/aarch64-linux-android  -funwind-tables -no-canonical-prefixes -D__ANDROID_API__=23 -fexceptions -frtti  -g -fPIE   -o CMakeFiles/cmTC_0a484.dir/CMakeCXXCompilerABI.cpp.o -c /usr/local/Cellar/cmake/3.10.2/share/cmake/Modules/CMakeCXXCompilerABI.cpp]
  ignore line: [Linking CXX executable cmTC_0a484]
  ignore line: [/usr/local/Cellar/cmake/3.10.2/bin/cmake -E cmake_link_script CMakeFiles/cmTC_0a484.dir/link.txt --verbose=1]
  ignore line: [/Users/radvani/Library/Android/sdk/ndk-bundle/toolchains/aarch64-linux-android-4.9/prebuilt/darwin-x86_64/bin/aarch64-linux-android-g++ --sysroot=/Users/radvani/Library/Android/sdk/ndk-bundle/platforms/android-23/arch-arm64  -funwind-tables -no-canonical-prefixes -D__ANDROID_API__=23 -fexceptions -frtti  -g  -fPIE -pie -Wl,--gc-sections -v CMakeFiles/cmTC_0a484.dir/CMakeCXXCompilerABI.cpp.o  -o cmTC_0a484  "/Users/radvani/Library/Android/sdk/ndk-bundle/sources/cxx-stl/gnu-libstdc++/4.9/libs/arm64-v8a/libgnustl_static.a" ]
  ignore line: [Using built-in specs.]
  ignore line: [COLLECT_GCC=/Users/radvani/Library/Android/sdk/ndk-bundle/toolchains/aarch64-linux-android-4.9/prebuilt/darwin-x86_64/bin/aarch64-linux-android-g++]
  ignore line: [COLLECT_LTO_WRAPPER=/Users/radvani/Library/Android/sdk/ndk-bundle/toolchains/aarch64-linux-android-4.9/prebuilt/darwin-x86_64/bin/../libexec/gcc/aarch64-linux-android/4.9.x/lto-wrapper]
  ignore line: [Target: aarch64-linux-android]
  ignore line: [Configured with: /Volumes/Android/buildbot/src/android/gcc/toolchain/build/../gcc/gcc-4.9/configure --prefix=/tmp/9e6abeae147b2d6a071687493238b928 --target=aarch64-linux-android --host=x86_64-apple-darwin --build=x86_64-apple-darwin --with-gnu-as --with-gnu-ld --enable-languages=c,c++ --with-gmp=/buildbot/tmp/build/toolchain/temp-install --with-mpfr=/buildbot/tmp/build/toolchain/temp-install --with-mpc=/buildbot/tmp/build/toolchain/temp-install --with-cloog=/buildbot/tmp/build/toolchain/temp-install --with-isl=/buildbot/tmp/build/toolchain/temp-install --with-ppl=/buildbot/tmp/build/toolchain/temp-install --disable-ppl-version-check --disable-cloog-version-check --disable-isl-version-check --enable-cloog-backend=isl --with-host-libstdcxx='-static-libgcc -lstdc++ -lm' --disable-libssp --enable-threads --disable-nls --disable-libmudflap --disable-libgomp --disable-libstdc__-v3 --disable-sjlj-exceptions --disable-shared --disable-tls --disable-libitm --enable-bionic-libs --enable-libatomic-ifuncs=no --enable-initfini-array --disable-nls --prefix=/tmp/9e6abeae147b2d6a071687493238b928 --with-sysroot=/tmp/9e6abeae147b2d6a071687493238b928/sysroot --with-binutils-version=2.27 --with-mpfr-version=3.1.1 --with-mpc-version=1.0.1 --with-gmp-version=5.0.5 --with-gcc-version=4.9 --with-gdb-version=none --with-gxx-include-dir=/tmp/9e6abeae147b2d6a071687493238b928/include/c++/4.9.x --with-bugurl=http://source.android.com/source/report-bugs.html --enable-languages=c,c++ --disable-bootstrap --enable-plugins --enable-libgomp --enable-gnu-indirect-function --disable-libsanitizer --enable-gold --enable-ld=default --enable-threads --enable-eh-frame-hdr-for-static --enable-fix-cortex-a53-835769 --enable-graphite=yes --with-isl-version=0.11.1 --with-cloog-version=0.18.0 --program-transform-name='s&^&aarch64-linux-android-&' --enable-gold]
  ignore line: [Thread model: posix]
  ignore line: [gcc version 4.9.x 20150123 (prerelease) (GCC) ]
  ignore line: [COMPILER_PATH=/Users/radvani/Library/Android/sdk/ndk-bundle/toolchains/aarch64-linux-android-4.9/prebuilt/darwin-x86_64/bin/../libexec/gcc/aarch64-linux-android/4.9.x/:/Users/radvani/Library/Android/sdk/ndk-bundle/toolchains/aarch64-linux-android-4.9/prebuilt/darwin-x86_64/bin/../libexec/gcc/:/Users/radvani/Library/Android/sdk/ndk-bundle/toolchains/aarch64-linux-android-4.9/prebuilt/darwin-x86_64/bin/../lib/gcc/aarch64-linux-android/4.9.x/../../../../aarch64-linux-android/bin/]
  ignore line: [LIBRARY_PATH=/Users/radvani/Library/Android/sdk/ndk-bundle/toolchains/aarch64-linux-android-4.9/prebuilt/darwin-x86_64/bin/../lib/gcc/aarch64-linux-android/4.9.x/:/Users/radvani/Library/Android/sdk/ndk-bundle/toolchains/aarch64-linux-android-4.9/prebuilt/darwin-x86_64/bin/../lib/gcc/:/Users/radvani/Library/Android/sdk/ndk-bundle/toolchains/aarch64-linux-android-4.9/prebuilt/darwin-x86_64/bin/../lib/gcc/aarch64-linux-android/4.9.x/../../../../aarch64-linux-android/lib/../lib64/:/Users/radvani/Library/Android/sdk/ndk-bundle/toolchains/aarch64-linux-android-4.9/prebuilt/darwin-x86_64/bin/../lib/gcc/aarch64-linux-android/4.9.x/../../../../aarch64-linux-android/lib/:/Users/radvani/Library/Android/sdk/ndk-bundle/platforms/android-23/arch-arm64/usr/lib/]
  ignore line: [COLLECT_GCC_OPTIONS='-funwind-tables' '-D' '__ANDROID_API__=23' '-fexceptions' '-frtti' '-g' '-fPIE' '-pie' '-v' '-o' 'cmTC_0a484' '-mlittle-endian' '-mabi=lp64']
  link line: [ /Users/radvani/Library/Android/sdk/ndk-bundle/toolchains/aarch64-linux-android-4.9/prebuilt/darwin-x86_64/bin/../libexec/gcc/aarch64-linux-android/4.9.x/collect2 -plugin /Users/radvani/Library/Android/sdk/ndk-bundle/toolchains/aarch64-linux-android-4.9/prebuilt/darwin-x86_64/bin/../libexec/gcc/aarch64-linux-android/4.9.x/liblto_plugin.so -plugin-opt=/Users/radvani/Library/Android/sdk/ndk-bundle/toolchains/aarch64-linux-android-4.9/prebuilt/darwin-x86_64/bin/../libexec/gcc/aarch64-linux-android/4.9.x/lto-wrapper -plugin-opt=-fresolution=/var/folders/2j/3970js9s04n7_nr304yqjt480000gn/T//ccYb00uv.res -plugin-opt=-pass-through=-lgcc -plugin-opt=-pass-through=-lc -plugin-opt=-pass-through=-ldl -plugin-opt=-pass-through=-lgcc --sysroot=/Users/radvani/Library/Android/sdk/ndk-bundle/platforms/android-23/arch-arm64 --eh-frame-hdr -dynamic-linker /system/bin/linker64 -X -EL -maarch64linux --fix-cortex-a53-835769 --fix-cortex-a53-843419 -z noexecstack -z relro -z now -pie -o cmTC_0a484 /Users/radvani/Library/Android/sdk/ndk-bundle/platforms/android-23/arch-arm64/usr/lib/crtbegin_dynamic.o -L/Users/radvani/Library/Android/sdk/ndk-bundle/toolchains/aarch64-linux-android-4.9/prebuilt/darwin-x86_64/bin/../lib/gcc/aarch64-linux-android/4.9.x -L/Users/radvani/Library/Android/sdk/ndk-bundle/toolchains/aarch64-linux-android-4.9/prebuilt/darwin-x86_64/bin/../lib/gcc -L/Users/radvani/Library/Android/sdk/ndk-bundle/toolchains/aarch64-linux-android-4.9/prebuilt/darwin-x86_64/bin/../lib/gcc/aarch64-linux-android/4.9.x/../../../../aarch64-linux-android/lib/../lib64 -L/Users/radvani/Library/Android/sdk/ndk-bundle/toolchains/aarch64-linux-android-4.9/prebuilt/darwin-x86_64/bin/../lib/gcc/aarch64-linux-android/4.9.x/../../../../aarch64-linux-android/lib -L/Users/radvani/Library/Android/sdk/ndk-bundle/platforms/android-23/arch-arm64/usr/lib --gc-sections CMakeFiles/cmTC_0a484.dir/CMakeCXXCompilerABI.cpp.o /Users/radvani/Library/Android/sdk/ndk-bundle/sources/cxx-stl/gnu-libstdc++/4.9/libs/arm64-v8a/libgnustl_static.a -lstdc++ -lm -lgcc -lc -ldl -lgcc /Users/radvani/Library/Android/sdk/ndk-bundle/platforms/android-23/arch-arm64/usr/lib/crtend_android.o]
    arg [/Users/radvani/Library/Android/sdk/ndk-bundle/toolchains/aarch64-linux-android-4.9/prebuilt/darwin-x86_64/bin/../libexec/gcc/aarch64-linux-android/4.9.x/collect2] ==> ignore
    arg [-plugin] ==> ignore
    arg [/Users/radvani/Library/Android/sdk/ndk-bundle/toolchains/aarch64-linux-android-4.9/prebuilt/darwin-x86_64/bin/../libexec/gcc/aarch64-linux-android/4.9.x/liblto_plugin.so] ==> ignore
    arg [-plugin-opt=/Users/radvani/Library/Android/sdk/ndk-bundle/toolchains/aarch64-linux-android-4.9/prebuilt/darwin-x86_64/bin/../libexec/gcc/aarch64-linux-android/4.9.x/lto-wrapper] ==> ignore
    arg [-plugin-opt=-fresolution=/var/folders/2j/3970js9s04n7_nr304yqjt480000gn/T//ccYb00uv.res] ==> ignore
    arg [-plugin-opt=-pass-through=-lgcc] ==> ignore
    arg [-plugin-opt=-pass-through=-lc] ==> ignore
    arg [-plugin-opt=-pass-through=-ldl] ==> ignore
    arg [-plugin-opt=-pass-through=-lgcc] ==> ignore
    arg [--sysroot=/Users/radvani/Library/Android/sdk/ndk-bundle/platforms/android-23/arch-arm64] ==> ignore
    arg [--eh-frame-hdr] ==> ignore
    arg [-dynamic-linker] ==> ignore
    arg [/system/bin/linker64] ==> ignore
    arg [-X] ==> ignore
    arg [-EL] ==> ignore
    arg [-maarch64linux] ==> ignore
    arg [--fix-cortex-a53-835769] ==> ignore
    arg [--fix-cortex-a53-843419] ==> ignore
    arg [-znoexecstack] ==> ignore
    arg [-zrelro] ==> ignore
    arg [-znow] ==> ignore
    arg [-pie] ==> ignore
    arg [-o] ==> ignore
    arg [cmTC_0a484] ==> ignore
    arg [/Users/radvani/Library/Android/sdk/ndk-bundle/platforms/android-23/arch-arm64/usr/lib/crtbegin_dynamic.o] ==> ignore
    arg [-L/Users/radvani/Library/Android/sdk/ndk-bundle/toolchains/aarch64-linux-android-4.9/prebuilt/darwin-x86_64/bin/../lib/gcc/aarch64-linux-android/4.9.x] ==> dir [/Users/radvani/Library/Android/sdk/ndk-bundle/toolchains/aarch64-linux-android-4.9/prebuilt/darwin-x86_64/bin/../lib/gcc/aarch64-linux-android/4.9.x]
    arg [-L/Users/radvani/Library/Android/sdk/ndk-bundle/toolchains/aarch64-linux-android-4.9/prebuilt/darwin-x86_64/bin/../lib/gcc] ==> dir [/Users/radvani/Library/Android/sdk/ndk-bundle/toolchains/aarch64-linux-android-4.9/prebuilt/darwin-x86_64/bin/../lib/gcc]
    arg [-L/Users/radvani/Library/Android/sdk/ndk-bundle/toolchains/aarch64-linux-android-4.9/prebuilt/darwin-x86_64/bin/../lib/gcc/aarch64-linux-android/4.9.x/../../../../aarch64-linux-android/lib/../lib64] ==> dir [/Users/radvani/Library/Android/sdk/ndk-bundle/toolchains/aarch64-linux-android-4.9/prebuilt/darwin-x86_64/bin/../lib/gcc/aarch64-linux-android/4.9.x/../../../../aarch64-linux-android/lib/../lib64]
    arg [-L/Users/radvani/Library/Android/sdk/ndk-bundle/toolchains/aarch64-linux-android-4.9/prebuilt/darwin-x86_64/bin/../lib/gcc/aarch64-linux-android/4.9.x/../../../../aarch64-linux-android/lib] ==> dir [/Users/radvani/Library/Android/sdk/ndk-bundle/toolchains/aarch64-linux-android-4.9/prebuilt/darwin-x86_64/bin/../lib/gcc/aarch64-linux-android/4.9.x/../../../../aarch64-linux-android/lib]
    arg [-L/Users/radvani/Library/Android/sdk/ndk-bundle/platforms/android-23/arch-arm64/usr/lib] ==> dir [/Users/radvani/Library/Android/sdk/ndk-bundle/platforms/android-23/arch-arm64/usr/lib]
    arg [--gc-sections] ==> ignore
    arg [CMakeFiles/cmTC_0a484.dir/CMakeCXXCompilerABI.cpp.o] ==> ignore
    arg [/Users/radvani/Library/Android/sdk/ndk-bundle/sources/cxx-stl/gnu-libstdc++/4.9/libs/arm64-v8a/libgnustl_static.a] ==> lib [/Users/radvani/Library/Android/sdk/ndk-bundle/sources/cxx-stl/gnu-libstdc++/4.9/libs/arm64-v8a/libgnustl_static.a]
    arg [-lstdc++] ==> lib [stdc++]
    arg [-lm] ==> lib [m]
    arg [-lgcc] ==> lib [gcc]
    arg [-lc] ==> lib [c]
    arg [-ldl] ==> lib [dl]
    arg [-lgcc] ==> lib [gcc]
    arg [/Users/radvani/Library/Android/sdk/ndk-bundle/platforms/android-23/arch-arm64/usr/lib/crtend_android.o] ==> ignore
  collapse library dir [/Users/radvani/Library/Android/sdk/ndk-bundle/toolchains/aarch64-linux-android-4.9/prebuilt/darwin-x86_64/bin/../lib/gcc/aarch64-linux-android/4.9.x] ==> [/Users/radvani/Library/Android/sdk/ndk-bundle/toolchains/aarch64-linux-android-4.9/prebuilt/darwin-x86_64/lib/gcc/aarch64-linux-android/4.9.x]
  collapse library dir [/Users/radvani/Library/Android/sdk/ndk-bundle/toolchains/aarch64-linux-android-4.9/prebuilt/darwin-x86_64/bin/../lib/gcc] ==> [/Users/radvani/Library/Android/sdk/ndk-bundle/toolchains/aarch64-linux-android-4.9/prebuilt/darwin-x86_64/lib/gcc]
  collapse library dir [/Users/radvani/Library/Android/sdk/ndk-bundle/toolchains/aarch64-linux-android-4.9/prebuilt/darwin-x86_64/bin/../lib/gcc/aarch64-linux-android/4.9.x/../../../../aarch64-linux-android/lib/../lib64] ==> [/Users/radvani/Library/Android/sdk/ndk-bundle/toolchains/aarch64-linux-android-4.9/prebuilt/darwin-x86_64/aarch64-linux-android/lib64]
  collapse library dir [/Users/radvani/Library/Android/sdk/ndk-bundle/toolchains/aarch64-linux-android-4.9/prebuilt/darwin-x86_64/bin/../lib/gcc/aarch64-linux-android/4.9.x/../../../../aarch64-linux-android/lib] ==> [/Users/radvani/Library/Android/sdk/ndk-bundle/toolchains/aarch64-linux-android-4.9/prebuilt/darwin-x86_64/aarch64-linux-android/lib]
  collapse library dir [/Users/radvani/Library/Android/sdk/ndk-bundle/platforms/android-23/arch-arm64/usr/lib] ==> [/Users/radvani/Library/Android/sdk/ndk-bundle/platforms/android-23/arch-arm64/usr/lib]
  implicit libs: [/Users/radvani/Library/Android/sdk/ndk-bundle/sources/cxx-stl/gnu-libstdc++/4.9/libs/arm64-v8a/libgnustl_static.a;stdc++;m;gcc;c;dl;gcc]
  implicit dirs: [/Users/radvani/Library/Android/sdk/ndk-bundle/toolchains/aarch64-linux-android-4.9/prebuilt/darwin-x86_64/lib/gcc/aarch64-linux-android/4.9.x;/Users/radvani/Library/Android/sdk/ndk-bundle/toolchains/aarch64-linux-android-4.9/prebuilt/darwin-x86_64/lib/gcc;/Users/radvani/Library/Android/sdk/ndk-bundle/toolchains/aarch64-linux-android-4.9/prebuilt/darwin-x86_64/aarch64-linux-android/lib64;/Users/radvani/Library/Android/sdk/ndk-bundle/toolchains/aarch64-linux-android-4.9/prebuilt/darwin-x86_64/aarch64-linux-android/lib;/Users/radvani/Library/Android/sdk/ndk-bundle/platforms/android-23/arch-arm64/usr/lib]
  implicit fwks: []




Detecting CXX [-std=c++14] compiler features compiled with the following output:
Change Dir: /Users/radvani/Source/ViroBullet/android/bullet3-2.87/android-build/CMakeFiles/CMakeTmp

Run Build Command:"/Users/radvani/Source/ndk-toolchain/android-23_arm64/bin/make" "cmTC_45144/fast"
/Users/radvani/Source/ndk-toolchain/android-23_arm64/bin/make -f CMakeFiles/cmTC_45144.dir/build.make CMakeFiles/cmTC_45144.dir/build
make[1]: Entering directory `/Users/radvani/Source/ViroBullet/android/bullet3-2.87/android-build/CMakeFiles/CMakeTmp'
Building CXX object CMakeFiles/cmTC_45144.dir/feature_tests.cxx.o
/Users/radvani/Library/Android/sdk/ndk-bundle/toolchains/aarch64-linux-android-4.9/prebuilt/darwin-x86_64/bin/aarch64-linux-android-g++ --sysroot=/Users/radvani/Library/Android/sdk/ndk-bundle/sysroot   -isystem /Users/radvani/Library/Android/sdk/ndk-bundle/sources/cxx-stl/gnu-libstdc++/4.9/include -isystem /Users/radvani/Library/Android/sdk/ndk-bundle/sources/cxx-stl/gnu-libstdc++/4.9/libs/arm64-v8a/include -isystem /Users/radvani/Library/Android/sdk/ndk-bundle/sources/cxx-stl/gnu-libstdc++/4.9/include/backward -isystem /Users/radvani/Library/Android/sdk/ndk-bundle/sysroot/usr/include -isystem /Users/radvani/Library/Android/sdk/ndk-bundle/sysroot/usr/include/aarch64-linux-android  -funwind-tables -no-canonical-prefixes -D__ANDROID_API__=23 -fexceptions -frtti  -g -fPIE   -std=c++14 -o CMakeFiles/cmTC_45144.dir/feature_tests.cxx.o -c /Users/radvani/Source/ViroBullet/android/bullet3-2.87/android-build/CMakeFiles/feature_tests.cxx
Linking CXX executable cmTC_45144
/usr/local/Cellar/cmake/3.10.2/bin/cmake -E cmake_link_script CMakeFiles/cmTC_45144.dir/link.txt --verbose=1
/Users/radvani/Library/Android/sdk/ndk-bundle/toolchains/aarch64-linux-android-4.9/prebuilt/darwin-x86_64/bin/aarch64-linux-android-g++ --sysroot=/Users/radvani/Library/Android/sdk/ndk-bundle/platforms/android-23/arch-arm64  -funwind-tables -no-canonical-prefixes -D__ANDROID_API__=23 -fexceptions -frtti  -g  -fPIE -pie -Wl,--gc-sections  CMakeFiles/cmTC_45144.dir/feature_tests.cxx.o  -o cmTC_45144  "/Users/radvani/Library/Android/sdk/ndk-bundle/sources/cxx-stl/gnu-libstdc++/4.9/libs/arm64-v8a/libgnustl_static.a" 
make[1]: Leaving directory `/Users/radvani/Source/ViroBullet/android/bullet3-2.87/android-build/CMakeFiles/CMakeTmp'


    Feature record: CXX_FEATURE:0cxx_aggregate_default_initializers
    Feature record: CXX_FEATURE:1cxx_alias_templates
    Feature record: CXX_FEATURE:1cxx_alignas
    Feature record: CXX_FEATURE:1cxx_alignof
    Feature record: CXX_FEATURE:1cxx_attributes
    Feature record: CXX_FEATURE:1cxx_attribute_deprecated
    Feature record: CXX_FEATURE:1cxx_auto_type
    Feature record: CXX_FEATURE:1cxx_binary_literals
    Feature record: CXX_FEATURE:1cxx_constexpr
    Feature record: CXX_FEATURE:1cxx_contextual_conversions
    Feature record: CXX_FEATURE:1cxx_decltype
    Feature record: CXX_FEATURE:1cxx_decltype_auto
    Feature record: CXX_FEATURE:1cxx_decltype_incomplete_return_types
    Feature record: CXX_FEATURE:1cxx_default_function_template_args
    Feature record: CXX_FEATURE:1cxx_defaulted_functions
    Feature record: CXX_FEATURE:1cxx_defaulted_move_initializers
    Feature record: CXX_FEATURE:1cxx_delegating_constructors
    Feature record: CXX_FEATURE:1cxx_deleted_functions
    Feature record: CXX_FEATURE:1cxx_digit_separators
    Feature record: CXX_FEATURE:1cxx_enum_forward_declarations
    Feature record: CXX_FEATURE:1cxx_explicit_conversions
    Feature record: CXX_FEATURE:1cxx_extended_friend_declarations
    Feature record: CXX_FEATURE:1cxx_extern_templates
    Feature record: CXX_FEATURE:1cxx_final
    Feature record: CXX_FEATURE:1cxx_func_identifier
    Feature record: CXX_FEATURE:1cxx_generalized_initializers
    Feature record: CXX_FEATURE:1cxx_generic_lambdas
    Feature record: CXX_FEATURE:1cxx_inheriting_constructors
    Feature record: CXX_FEATURE:1cxx_inline_namespaces
    Feature record: CXX_FEATURE:1cxx_lambdas
    Feature record: CXX_FEATURE:1cxx_lambda_init_captures
    Feature record: CXX_FEATURE:1cxx_local_type_template_args
    Feature record: CXX_FEATURE:1cxx_long_long_type
    Feature record: CXX_FEATURE:1cxx_noexcept
    Feature record: CXX_FEATURE:1cxx_nonstatic_member_init
    Feature record: CXX_FEATURE:1cxx_nullptr
    Feature record: CXX_FEATURE:1cxx_override
    Feature record: CXX_FEATURE:1cxx_range_for
    Feature record: CXX_FEATURE:1cxx_raw_string_literals
    Feature record: CXX_FEATURE:1cxx_reference_qualified_functions
    Feature record: CXX_FEATURE:0cxx_relaxed_constexpr
    Feature record: CXX_FEATURE:1cxx_return_type_deduction
    Feature record: CXX_FEATURE:1cxx_right_angle_brackets
    Feature record: CXX_FEATURE:1cxx_rvalue_references
    Feature record: CXX_FEATURE:1cxx_sizeof_member
    Feature record: CXX_FEATURE:1cxx_static_assert
    Feature record: CXX_FEATURE:1cxx_strong_enums
    Feature record: CXX_FEATURE:1cxx_template_template_parameters
    Feature record: CXX_FEATURE:1cxx_thread_local
    Feature record: CXX_FEATURE:1cxx_trailing_return_types
    Feature record: CXX_FEATURE:1cxx_unicode_literals
    Feature record: CXX_FEATURE:1cxx_uniform_initialization
    Feature record: CXX_FEATURE:1cxx_unrestricted_unions
    Feature record: CXX_FEATURE:1cxx_user_literals
    Feature record: CXX_FEATURE:0cxx_variable_templates
    Feature record: CXX_FEATURE:1cxx_variadic_macros
    Feature record: CXX_FEATURE:1cxx_variadic_templates


Detecting CXX [-std=c++11] compiler features compiled with the following output:
Change Dir: /Users/radvani/Source/ViroBullet/android/bullet3-2.87/android-build/CMakeFiles/CMakeTmp

Run Build Command:"/Users/radvani/Source/ndk-toolchain/android-23_arm64/bin/make" "cmTC_40357/fast"
/Users/radvani/Source/ndk-toolchain/android-23_arm64/bin/make -f CMakeFiles/cmTC_40357.dir/build.make CMakeFiles/cmTC_40357.dir/build
make[1]: Entering directory `/Users/radvani/Source/ViroBullet/android/bullet3-2.87/android-build/CMakeFiles/CMakeTmp'
Building CXX object CMakeFiles/cmTC_40357.dir/feature_tests.cxx.o
/Users/radvani/Library/Android/sdk/ndk-bundle/toolchains/aarch64-linux-android-4.9/prebuilt/darwin-x86_64/bin/aarch64-linux-android-g++ --sysroot=/Users/radvani/Library/Android/sdk/ndk-bundle/sysroot   -isystem /Users/radvani/Library/Android/sdk/ndk-bundle/sources/cxx-stl/gnu-libstdc++/4.9/include -isystem /Users/radvani/Library/Android/sdk/ndk-bundle/sources/cxx-stl/gnu-libstdc++/4.9/libs/arm64-v8a/include -isystem /Users/radvani/Library/Android/sdk/ndk-bundle/sources/cxx-stl/gnu-libstdc++/4.9/include/backward -isystem /Users/radvani/Library/Android/sdk/ndk-bundle/sysroot/usr/include -isystem /Users/radvani/Library/Android/sdk/ndk-bundle/sysroot/usr/include/aarch64-linux-android  -funwind-tables -no-canonical-prefixes -D__ANDROID_API__=23 -fexceptions -frtti  -g -fPIE   -std=c++11 -o CMakeFiles/cmTC_40357.dir/feature_tests.cxx.o -c /Users/radvani/Source/ViroBullet/android/bullet3-2.87/android-build/CMakeFiles/feature_tests.cxx
Linking CXX executable cmTC_40357
/usr/local/Cellar/cmake/3.10.2/bin/cmake -E cmake_link_script CMakeFiles/cmTC_40357.dir/link.txt --verbose=1
/Users/radvani/Library/Android/sdk/ndk-bundle/toolchains/aarch64-linux-android-4.9/prebuilt/darwin-x86_64/bin/aarch64-linux-android-g++ --sysroot=/Users/radvani/Library/Android/sdk/ndk-bundle/platforms/android-23/arch-arm64  -funwind-tables -no-canonical-prefixes -D__ANDROID_API__=23 -fexceptions -frtti  -g  -fPIE -pie -Wl,--gc-sections  CMakeFiles/cmTC_40357.dir/feature_tests.cxx.o  -o cmTC_40357  "/Users/radvani/Library/Android/sdk/ndk-bundle/sources/cxx-stl/gnu-libstdc++/4.9/libs/arm64-v8a/libgnustl_static.a" 
make[1]: Leaving directory `/Users/radvani/Source/ViroBullet/android/bullet3-2.87/android-build/CMakeFiles/CMakeTmp'


    Feature record: CXX_FEATURE:0cxx_aggregate_default_initializers
    Feature record: CXX_FEATURE:1cxx_alias_templates
    Feature record: CXX_FEATURE:1cxx_alignas
    Feature record: CXX_FEATURE:1cxx_alignof
    Feature record: CXX_FEATURE:1cxx_attributes
    Feature record: CXX_FEATURE:0cxx_attribute_deprecated
    Feature record: CXX_FEATURE:1cxx_auto_type
    Feature record: CXX_FEATURE:0cxx_binary_literals
    Feature record: CXX_FEATURE:1cxx_constexpr
    Feature record: CXX_FEATURE:0cxx_contextual_conversions
    Feature record: CXX_FEATURE:1cxx_decltype
    Feature record: CXX_FEATURE:0cxx_decltype_auto
    Feature record: CXX_FEATURE:1cxx_decltype_incomplete_return_types
    Feature record: CXX_FEATURE:1cxx_default_function_template_args
    Feature record: CXX_FEATURE:1cxx_defaulted_functions
    Feature record: CXX_FEATURE:1cxx_defaulted_move_initializers
    Feature record: CXX_FEATURE:1cxx_delegating_constructors
    Feature record: CXX_FEATURE:1cxx_deleted_functions
    Feature record: CXX_FEATURE:0cxx_digit_separators
    Feature record: CXX_FEATURE:1cxx_enum_forward_declarations
    Feature record: CXX_FEATURE:1cxx_explicit_conversions
    Feature record: CXX_FEATURE:1cxx_extended_friend_declarations
    Feature record: CXX_FEATURE:1cxx_extern_templates
    Feature record: CXX_FEATURE:1cxx_final
    Feature record: CXX_FEATURE:1cxx_func_identifier
    Feature record: CXX_FEATURE:1cxx_generalized_initializers
    Feature record: CXX_FEATURE:0cxx_generic_lambdas
    Feature record: CXX_FEATURE:1cxx_inheriting_constructors
    Feature record: CXX_FEATURE:1cxx_inline_namespaces
    Feature record: CXX_FEATURE:1cxx_lambdas
    Feature record: CXX_FEATURE:0cxx_lambda_init_captures
    Feature record: CXX_FEATURE:1cxx_local_type_template_args
    Feature record: CXX_FEATURE:1cxx_long_long_type
    Feature record: CXX_FEATURE:1cxx_noexcept
    Feature record: CXX_FEATURE:1cxx_nonstatic_member_init
    Feature record: CXX_FEATURE:1cxx_nullptr
    Feature record: CXX_FEATURE:1cxx_override
    Feature record: CXX_FEATURE:1cxx_range_for
    Feature record: CXX_FEATURE:1cxx_raw_string_literals
    Feature record: CXX_FEATURE:1cxx_reference_qualified_functions
    Feature record: CXX_FEATURE:0cxx_relaxed_constexpr
    Feature record: CXX_FEATURE:0cxx_return_type_deduction
    Feature record: CXX_FEATURE:1cxx_right_angle_brackets
    Feature record: CXX_FEATURE:1cxx_rvalue_references
    Feature record: CXX_FEATURE:1cxx_sizeof_member
    Feature record: CXX_FEATURE:1cxx_static_assert
    Feature record: CXX_FEATURE:1cxx_strong_enums
    Feature record: CXX_FEATURE:1cxx_template_template_parameters
    Feature record: CXX_FEATURE:1cxx_thread_local
    Feature record: CXX_FEATURE:1cxx_trailing_return_types
    Feature record: CXX_FEATURE:1cxx_unicode_literals
    Feature record: CXX_FEATURE:1cxx_uniform_initialization
    Feature record: CXX_FEATURE:1cxx_unrestricted_unions
    Feature record: CXX_FEATURE:1cxx_user_literals
    Feature record: CXX_FEATURE:0cxx_variable_templates
    Feature record: CXX_FEATURE:1cxx_variadic_macros
    Feature record: CXX_FEATURE:1cxx_variadic_templates


Detecting CXX [-std=c++98] compiler features compiled with the following output:
Change Dir: /Users/radvani/Source/ViroBullet/android/bullet3-2.87/android-build/CMakeFiles/CMakeTmp

Run Build Command:"/Users/radvani/Source/ndk-toolchain/android-23_arm64/bin/make" "cmTC_233df/fast"
/Users/radvani/Source/ndk-toolchain/android-23_arm64/bin/make -f CMakeFiles/cmTC_233df.dir/build.make CMakeFiles/cmTC_233df.dir/build
make[1]: Entering directory `/Users/radvani/Source/ViroBullet/android/bullet3-2.87/android-build/CMakeFiles/CMakeTmp'
Building CXX object CMakeFiles/cmTC_233df.dir/feature_tests.cxx.o
/Users/radvani/Library/Android/sdk/ndk-bundle/toolchains/aarch64-linux-android-4.9/prebuilt/darwin-x86_64/bin/aarch64-linux-android-g++ --sysroot=/Users/radvani/Library/Android/sdk/ndk-bundle/sysroot   -isystem /Users/radvani/Library/Android/sdk/ndk-bundle/sources/cxx-stl/gnu-libstdc++/4.9/include -isystem /Users/radvani/Library/Android/sdk/ndk-bundle/sources/cxx-stl/gnu-libstdc++/4.9/libs/arm64-v8a/include -isystem /Users/radvani/Library/Android/sdk/ndk-bundle/sources/cxx-stl/gnu-libstdc++/4.9/include/backward -isystem /Users/radvani/Library/Android/sdk/ndk-bundle/sysroot/usr/include -isystem /Users/radvani/Library/Android/sdk/ndk-bundle/sysroot/usr/include/aarch64-linux-android  -funwind-tables -no-canonical-prefixes -D__ANDROID_API__=23 -fexceptions -frtti  -g -fPIE   -std=c++98 -o CMakeFiles/cmTC_233df.dir/feature_tests.cxx.o -c /Users/radvani/Source/ViroBullet/android/bullet3-2.87/android-build/CMakeFiles/feature_tests.cxx
Linking CXX executable cmTC_233df
/usr/local/Cellar/cmake/3.10.2/bin/cmake -E cmake_link_script CMakeFiles/cmTC_233df.dir/link.txt --verbose=1
/Users/radvani/Library/Android/sdk/ndk-bundle/toolchains/aarch64-linux-android-4.9/prebuilt/darwin-x86_64/bin/aarch64-linux-android-g++ --sysroot=/Users/radvani/Library/Android/sdk/ndk-bundle/platforms/android-23/arch-arm64  -funwind-tables -no-canonical-prefixes -D__ANDROID_API__=23 -fexceptions -frtti  -g  -fPIE -pie -Wl,--gc-sections  CMakeFiles/cmTC_233df.dir/feature_tests.cxx.o  -o cmTC_233df  "/Users/radvani/Library/Android/sdk/ndk-bundle/sources/cxx-stl/gnu-libstdc++/4.9/libs/arm64-v8a/libgnustl_static.a" 
make[1]: Leaving directory `/Users/radvani/Source/ViroBullet/android/bullet3-2.87/android-build/CMakeFiles/CMakeTmp'


    Feature record: CXX_FEATURE:0cxx_aggregate_default_initializers
    Feature record: CXX_FEATURE:0cxx_alias_templates
    Feature record: CXX_FEATURE:0cxx_alignas
    Feature record: CXX_FEATURE:0cxx_alignof
    Feature record: CXX_FEATURE:0cxx_attributes
    Feature record: CXX_FEATURE:0cxx_attribute_deprecated
    Feature record: CXX_FEATURE:0cxx_auto_type
    Feature record: CXX_FEATURE:0cxx_binary_literals
    Feature record: CXX_FEATURE:0cxx_constexpr
    Feature record: CXX_FEATURE:0cxx_contextual_conversions
    Feature record: CXX_FEATURE:0cxx_decltype
    Feature record: CXX_FEATURE:0cxx_decltype_auto
    Feature record: CXX_FEATURE:0cxx_decltype_incomplete_return_types
    Feature record: CXX_FEATURE:0cxx_default_function_template_args
    Feature record: CXX_FEATURE:0cxx_defaulted_functions
    Feature record: CXX_FEATURE:0cxx_defaulted_move_initializers
    Feature record: CXX_FEATURE:0cxx_delegating_constructors
    Feature record: CXX_FEATURE:0cxx_deleted_functions
    Feature record: CXX_FEATURE:0cxx_digit_separators
    Feature record: CXX_FEATURE:0cxx_enum_forward_declarations
    Feature record: CXX_FEATURE:0cxx_explicit_conversions
    Feature record: CXX_FEATURE:0cxx_extended_friend_declarations
    Feature record: CXX_FEATURE:0cxx_extern_templates
    Feature record: CXX_FEATURE:0cxx_final
    Feature record: CXX_FEATURE:0cxx_func_identifier
    Feature record: CXX_FEATURE:0cxx_generalized_initializers
    Feature record: CXX_FEATURE:0cxx_generic_lambdas
    Feature record: CXX_FEATURE:0cxx_inheriting_constructors
    Feature record: CXX_FEATURE:0cxx_inline_namespaces
    Feature record: CXX_FEATURE:0cxx_lambdas
    Feature record: CXX_FEATURE:0cxx_lambda_init_captures
    Feature record: CXX_FEATURE:0cxx_local_type_template_args
    Feature record: CXX_FEATURE:0cxx_long_long_type
    Feature record: CXX_FEATURE:0cxx_noexcept
    Feature record: CXX_FEATURE:0cxx_nonstatic_member_init
    Feature record: CXX_FEATURE:0cxx_nullptr
    Feature record: CXX_FEATURE:0cxx_override
    Feature record: CXX_FEATURE:0cxx_range_for
    Feature record: CXX_FEATURE:0cxx_raw_string_literals
    Feature record: CXX_FEATURE:0cxx_reference_qualified_functions
    Feature record: CXX_FEATURE:0cxx_relaxed_constexpr
    Feature record: CXX_FEATURE:0cxx_return_type_deduction
    Feature record: CXX_FEATURE:0cxx_right_angle_brackets
    Feature record: CXX_FEATURE:0cxx_rvalue_references
    Feature record: CXX_FEATURE:0cxx_sizeof_member
    Feature record: CXX_FEATURE:0cxx_static_assert
    Feature record: CXX_FEATURE:0cxx_strong_enums
    Feature record: CXX_FEATURE:1cxx_template_template_parameters
    Feature record: CXX_FEATURE:0cxx_thread_local
    Feature record: CXX_FEATURE:0cxx_trailing_return_types
    Feature record: CXX_FEATURE:0cxx_unicode_literals
    Feature record: CXX_FEATURE:0cxx_uniform_initialization
    Feature record: CXX_FEATURE:0cxx_unrestricted_unions
    Feature record: CXX_FEATURE:0cxx_user_literals
    Feature record: CXX_FEATURE:0cxx_variable_templates
    Feature record: CXX_FEATURE:0cxx_variadic_macros
    Feature record: CXX_FEATURE:0cxx_variadic_templates
